2013-11-08 21:37:11 Error: [MissingControllerException] Controller class JsController could not be found.
Exception Attributes: array (
  'class' => 'JsController',
  'plugin' => NULL,
)
Request URL: /unipoli/tutorapp/js/jquery-2.0.3.min.map
Stack Trace:
#0 /Users/a_kanin/Documents/MyShit/vbWin7/www/unipoli/tutorapp/app/webroot/index.php(110): Dispatcher->dispatch(Object(CakeRequest), Object(CakeResponse))
#1 {main}
2013-11-08 21:37:51 Error: [MissingControllerException] Controller class JsController could not be found.
Exception Attributes: array (
  'class' => 'JsController',
  'plugin' => NULL,
)
Request URL: /unipoli/tutorapp/js/jquery-2.0.3.min.map
Stack Trace:
#0 /Users/a_kanin/Documents/MyShit/vbWin7/www/unipoli/tutorapp/app/webroot/index.php(110): Dispatcher->dispatch(Object(CakeRequest), Object(CakeResponse))
#1 {main}
2013-11-09 13:56:34 Error: [MissingControllerException] Controller class CssController could not be found.
Exception Attributes: array (
  'class' => 'CssController',
  'plugin' => NULL,
)
Request URL: /unipoli/tutorapp/css/bootstrap/botstrap.min.css
Stack Trace:
#0 /Users/a_kanin/Documents/MyShit/vbWin7/www/unipoli/tutorapp/app/webroot/index.php(110): Dispatcher->dispatch(Object(CakeRequest), Object(CakeResponse))
#1 {main}
2013-11-09 13:57:54 Error: [MissingControllerException] Controller class CssController could not be found.
Exception Attributes: array (
  'class' => 'CssController',
  'plugin' => NULL,
)
Request URL: /unipoli/tutorapp/css/bootstrap/botstrap.min.css
Stack Trace:
#0 /Users/a_kanin/Documents/MyShit/vbWin7/www/unipoli/tutorapp/app/webroot/index.php(110): Dispatcher->dispatch(Object(CakeRequest), Object(CakeResponse))
#1 {main}
2013-11-09 13:58:13 Error: [MissingControllerException] Controller class CssController could not be found.
Exception Attributes: array (
  'class' => 'CssController',
  'plugin' => NULL,
)
Request URL: /unipoli/tutorapp/css/bootstrap/botstrap.min.css
Stack Trace:
#0 /Users/a_kanin/Documents/MyShit/vbWin7/www/unipoli/tutorapp/app/webroot/index.php(110): Dispatcher->dispatch(Object(CakeRequest), Object(CakeResponse))
#1 {main}
2013-11-09 14:05:12 Error: [MissingViewException] View file "/Users/a_kanin/Documents/MyShit/vbWin7/www/unipoli/tutorapp/app/View/Pages/img/unipoli.png.ctp" is missing.
Exception Attributes: array (
  'file' => '/Users/a_kanin/Documents/MyShit/vbWin7/www/unipoli/tutorapp/app/View/Pages/img/unipoli.png.ctp',
)
Request URL: /unipoli/tutorapp/pages/img/unipoli.png
Stack Trace:
#0 /Users/a_kanin/Documents/MyShit/vbWin7/www/unipoli/tutorapp/lib/Cake/View/View.php(459): View->_getViewFileName('img/unipoli.png')
#1 /Users/a_kanin/Documents/MyShit/vbWin7/www/unipoli/tutorapp/lib/Cake/Controller/Controller.php(952): View->render('img/unipoli.png', NULL)
#2 /Users/a_kanin/Documents/MyShit/vbWin7/www/unipoli/tutorapp/app/Controller/PagesController.php(70): Controller->render('img/unipoli.png')
#3 [internal function]: PagesController->display('img', 'unipoli.png')
#4 /Users/a_kanin/Documents/MyShit/vbWin7/www/unipoli/tutorapp/lib/Cake/Controller/Controller.php(490): ReflectionMethod->invokeArgs(Object(PagesController), Array)
#5 /Users/a_kanin/Documents/MyShit/vbWin7/www/unipoli/tutorapp/lib/Cake/Routing/Dispatcher.php(187): Controller->invokeAction(Object(CakeRequest))
#6 /Users/a_kanin/Documents/MyShit/vbWin7/www/unipoli/tutorapp/lib/Cake/Routing/Dispatcher.php(162): Dispatcher->_invoke(Object(PagesController), Object(CakeRequest), Object(CakeResponse))
#7 /Users/a_kanin/Documents/MyShit/vbWin7/www/unipoli/tutorapp/app/webroot/index.php(110): Dispatcher->dispatch(Object(CakeRequest), Object(CakeResponse))
#8 {main}
2013-11-09 14:05:28 Error: [MissingViewException] View file "/Users/a_kanin/Documents/MyShit/vbWin7/www/unipoli/tutorapp/app/View/Pages/img/unipoli.png.ctp" is missing.
Exception Attributes: array (
  'file' => '/Users/a_kanin/Documents/MyShit/vbWin7/www/unipoli/tutorapp/app/View/Pages/img/unipoli.png.ctp',
)
Request URL: /unipoli/tutorapp/pages/img/unipoli.png
Stack Trace:
#0 /Users/a_kanin/Documents/MyShit/vbWin7/www/unipoli/tutorapp/lib/Cake/View/View.php(459): View->_getViewFileName('img/unipoli.png')
#1 /Users/a_kanin/Documents/MyShit/vbWin7/www/unipoli/tutorapp/lib/Cake/Controller/Controller.php(952): View->render('img/unipoli.png', NULL)
#2 /Users/a_kanin/Documents/MyShit/vbWin7/www/unipoli/tutorapp/app/Controller/PagesController.php(70): Controller->render('img/unipoli.png')
#3 [internal function]: PagesController->display('img', 'unipoli.png')
#4 /Users/a_kanin/Documents/MyShit/vbWin7/www/unipoli/tutorapp/lib/Cake/Controller/Controller.php(490): ReflectionMethod->invokeArgs(Object(PagesController), Array)
#5 /Users/a_kanin/Documents/MyShit/vbWin7/www/unipoli/tutorapp/lib/Cake/Routing/Dispatcher.php(187): Controller->invokeAction(Object(CakeRequest))
#6 /Users/a_kanin/Documents/MyShit/vbWin7/www/unipoli/tutorapp/lib/Cake/Routing/Dispatcher.php(162): Dispatcher->_invoke(Object(PagesController), Object(CakeRequest), Object(CakeResponse))
#7 /Users/a_kanin/Documents/MyShit/vbWin7/www/unipoli/tutorapp/app/webroot/index.php(110): Dispatcher->dispatch(Object(CakeRequest), Object(CakeResponse))
#8 {main}
2013-11-09 14:05:49 Error: [MissingControllerException] Controller class ImgController could not be found.
Exception Attributes: array (
  'class' => 'ImgController',
  'plugin' => NULL,
)
Request URL: /unipoli/tutorapp/img/unipoli.png
Stack Trace:
#0 /Users/a_kanin/Documents/MyShit/vbWin7/www/unipoli/tutorapp/app/webroot/index.php(110): Dispatcher->dispatch(Object(CakeRequest), Object(CakeResponse))
#1 {main}
2013-11-09 14:05:51 Error: [MissingControllerException] Controller class ImgController could not be found.
Exception Attributes: array (
  'class' => 'ImgController',
  'plugin' => NULL,
)
Request URL: /unipoli/tutorapp/img/unipoli.png
Stack Trace:
#0 /Users/a_kanin/Documents/MyShit/vbWin7/www/unipoli/tutorapp/app/webroot/index.php(110): Dispatcher->dispatch(Object(CakeRequest), Object(CakeResponse))
#1 {main}
2013-11-09 14:06:10 Error: [MissingViewException] View file "/Users/a_kanin/Documents/MyShit/vbWin7/www/unipoli/tutorapp/app/View/Pages/webroot/img/unipoli.png.ctp" is missing.
Exception Attributes: array (
  'file' => '/Users/a_kanin/Documents/MyShit/vbWin7/www/unipoli/tutorapp/app/View/Pages/webroot/img/unipoli.png.ctp',
)
Request URL: /unipoli/tutorapp/pages/webroot/img/unipoli.png
Stack Trace:
#0 /Users/a_kanin/Documents/MyShit/vbWin7/www/unipoli/tutorapp/lib/Cake/View/View.php(459): View->_getViewFileName('webroot/img/uni...')
#1 /Users/a_kanin/Documents/MyShit/vbWin7/www/unipoli/tutorapp/lib/Cake/Controller/Controller.php(952): View->render('webroot/img/uni...', NULL)
#2 /Users/a_kanin/Documents/MyShit/vbWin7/www/unipoli/tutorapp/app/Controller/PagesController.php(70): Controller->render('webroot/img/uni...')
#3 [internal function]: PagesController->display('webroot', 'img', 'unipoli.png')
#4 /Users/a_kanin/Documents/MyShit/vbWin7/www/unipoli/tutorapp/lib/Cake/Controller/Controller.php(490): ReflectionMethod->invokeArgs(Object(PagesController), Array)
#5 /Users/a_kanin/Documents/MyShit/vbWin7/www/unipoli/tutorapp/lib/Cake/Routing/Dispatcher.php(187): Controller->invokeAction(Object(CakeRequest))
#6 /Users/a_kanin/Documents/MyShit/vbWin7/www/unipoli/tutorapp/lib/Cake/Routing/Dispatcher.php(162): Dispatcher->_invoke(Object(PagesController), Object(CakeRequest), Object(CakeResponse))
#7 /Users/a_kanin/Documents/MyShit/vbWin7/www/unipoli/tutorapp/app/webroot/index.php(110): Dispatcher->dispatch(Object(CakeRequest), Object(CakeResponse))
#8 {main}
2013-11-09 14:06:12 Error: [MissingViewException] View file "/Users/a_kanin/Documents/MyShit/vbWin7/www/unipoli/tutorapp/app/View/Pages/webroot/img/unipoli.png.ctp" is missing.
Exception Attributes: array (
  'file' => '/Users/a_kanin/Documents/MyShit/vbWin7/www/unipoli/tutorapp/app/View/Pages/webroot/img/unipoli.png.ctp',
)
Request URL: /unipoli/tutorapp/pages/webroot/img/unipoli.png
Stack Trace:
#0 /Users/a_kanin/Documents/MyShit/vbWin7/www/unipoli/tutorapp/lib/Cake/View/View.php(459): View->_getViewFileName('webroot/img/uni...')
#1 /Users/a_kanin/Documents/MyShit/vbWin7/www/unipoli/tutorapp/lib/Cake/Controller/Controller.php(952): View->render('webroot/img/uni...', NULL)
#2 /Users/a_kanin/Documents/MyShit/vbWin7/www/unipoli/tutorapp/app/Controller/PagesController.php(70): Controller->render('webroot/img/uni...')
#3 [internal function]: PagesController->display('webroot', 'img', 'unipoli.png')
#4 /Users/a_kanin/Documents/MyShit/vbWin7/www/unipoli/tutorapp/lib/Cake/Controller/Controller.php(490): ReflectionMethod->invokeArgs(Object(PagesController), Array)
#5 /Users/a_kanin/Documents/MyShit/vbWin7/www/unipoli/tutorapp/lib/Cake/Routing/Dispatcher.php(187): Controller->invokeAction(Object(CakeRequest))
#6 /Users/a_kanin/Documents/MyShit/vbWin7/www/unipoli/tutorapp/lib/Cake/Routing/Dispatcher.php(162): Dispatcher->_invoke(Object(PagesController), Object(CakeRequest), Object(CakeResponse))
#7 /Users/a_kanin/Documents/MyShit/vbWin7/www/unipoli/tutorapp/app/webroot/index.php(110): Dispatcher->dispatch(Object(CakeRequest), Object(CakeResponse))
#8 {main}
2013-11-09 14:06:18 Error: [MissingControllerException] Controller class WebrootController could not be found.
Exception Attributes: array (
  'class' => 'WebrootController',
  'plugin' => NULL,
)
Request URL: /unipoli/tutorapp/webroot/img/unipoli.png
Stack Trace:
#0 /Users/a_kanin/Documents/MyShit/vbWin7/www/unipoli/tutorapp/app/webroot/index.php(110): Dispatcher->dispatch(Object(CakeRequest), Object(CakeResponse))
#1 {main}
2013-11-09 14:06:20 Error: [MissingControllerException] Controller class WebrootController could not be found.
Exception Attributes: array (
  'class' => 'WebrootController',
  'plugin' => NULL,
)
Request URL: /unipoli/tutorapp/webroot/img/unipoli.png
Stack Trace:
#0 /Users/a_kanin/Documents/MyShit/vbWin7/www/unipoli/tutorapp/app/webroot/index.php(110): Dispatcher->dispatch(Object(CakeRequest), Object(CakeResponse))
#1 {main}
2013-11-09 14:06:33 Error: [MissingControllerException] Controller class <preClass=Controller could not be found.
Exception Attributes: array (
  'class' => '<preClass=Controller',
  'plugin' => NULL,
)
Request URL: /unipoli/tutorapp/%3Cpre%20class=
Stack Trace:
#0 /Users/a_kanin/Documents/MyShit/vbWin7/www/unipoli/tutorapp/app/webroot/index.php(110): Dispatcher->dispatch(Object(CakeRequest), Object(CakeResponse))
#1 {main}
2013-11-09 14:06:55 Error: [MissingControllerException] Controller class 'Controller could not be found.
Exception Attributes: array (
  'class' => '\'Controller',
  'plugin' => NULL,
)
Request URL: /unipoli/tutorapp/%27/img/unipoli.png
Stack Trace:
#0 /Users/a_kanin/Documents/MyShit/vbWin7/www/unipoli/tutorapp/app/webroot/index.php(110): Dispatcher->dispatch(Object(CakeRequest), Object(CakeResponse))
#1 {main}
2013-11-09 14:06:57 Error: [MissingControllerException] Controller class 'Controller could not be found.
Exception Attributes: array (
  'class' => '\'Controller',
  'plugin' => NULL,
)
Request URL: /unipoli/tutorapp/%27/img/unipoli.png
Stack Trace:
#0 /Users/a_kanin/Documents/MyShit/vbWin7/www/unipoli/tutorapp/app/webroot/index.php(110): Dispatcher->dispatch(Object(CakeRequest), Object(CakeResponse))
#1 {main}
2013-11-09 14:07:04 Error: [MissingControllerException] Controller class 'imgController could not be found.
Exception Attributes: array (
  'class' => '\'imgController',
  'plugin' => NULL,
)
Request URL: /unipoli/tutorapp/%27img/unipoli.png
Stack Trace:
#0 /Users/a_kanin/Documents/MyShit/vbWin7/www/unipoli/tutorapp/app/webroot/index.php(110): Dispatcher->dispatch(Object(CakeRequest), Object(CakeResponse))
#1 {main}
2013-11-09 14:07:06 Error: [MissingControllerException] Controller class 'imgController could not be found.
Exception Attributes: array (
  'class' => '\'imgController',
  'plugin' => NULL,
)
Request URL: /unipoli/tutorapp/%27img/unipoli.png
Stack Trace:
#0 /Users/a_kanin/Documents/MyShit/vbWin7/www/unipoli/tutorapp/app/webroot/index.php(110): Dispatcher->dispatch(Object(CakeRequest), Object(CakeResponse))
#1 {main}
2013-11-09 14:09:57 Error: [MissingControllerException] Controller class 'imgController could not be found.
Exception Attributes: array (
  'class' => '\'imgController',
  'plugin' => NULL,
)
Request URL: /unipoli/tutorapp/%27img/logo.png
Stack Trace:
#0 /Users/a_kanin/Documents/MyShit/vbWin7/www/unipoli/tutorapp/app/webroot/index.php(110): Dispatcher->dispatch(Object(CakeRequest), Object(CakeResponse))
#1 {main}
2013-11-09 14:09:59 Error: [MissingControllerException] Controller class 'imgController could not be found.
Exception Attributes: array (
  'class' => '\'imgController',
  'plugin' => NULL,
)
Request URL: /unipoli/tutorapp/%27img/logo.png
Stack Trace:
#0 /Users/a_kanin/Documents/MyShit/vbWin7/www/unipoli/tutorapp/app/webroot/index.php(110): Dispatcher->dispatch(Object(CakeRequest), Object(CakeResponse))
#1 {main}
2013-11-09 14:10:26 Error: [MissingControllerException] Controller class 'Controller could not be found.
Exception Attributes: array (
  'class' => '\'Controller',
  'plugin' => NULL,
)
Request URL: /unipoli/tutorapp/%27/unipoli/tutorapp/pages/img/logo.png
Stack Trace:
#0 /Users/a_kanin/Documents/MyShit/vbWin7/www/unipoli/tutorapp/app/webroot/index.php(110): Dispatcher->dispatch(Object(CakeRequest), Object(CakeResponse))
#1 {main}
2013-11-09 14:10:29 Error: [MissingControllerException] Controller class 'Controller could not be found.
Exception Attributes: array (
  'class' => '\'Controller',
  'plugin' => NULL,
)
Request URL: /unipoli/tutorapp/%27/unipoli/tutorapp/pages/img/logo.png
Stack Trace:
#0 /Users/a_kanin/Documents/MyShit/vbWin7/www/unipoli/tutorapp/app/webroot/index.php(110): Dispatcher->dispatch(Object(CakeRequest), Object(CakeResponse))
#1 {main}
2013-11-09 14:10:36 Error: [MissingControllerException] Controller class 'Controller could not be found.
Exception Attributes: array (
  'class' => '\'Controller',
  'plugin' => NULL,
)
Request URL: /unipoli/tutorapp/%27/unipoli/tutorapp/img/logo.png
Stack Trace:
#0 /Users/a_kanin/Documents/MyShit/vbWin7/www/unipoli/tutorapp/app/webroot/index.php(110): Dispatcher->dispatch(Object(CakeRequest), Object(CakeResponse))
#1 {main}
2013-11-09 14:10:37 Error: [MissingControllerException] Controller class 'Controller could not be found.
Exception Attributes: array (
  'class' => '\'Controller',
  'plugin' => NULL,
)
Request URL: /unipoli/tutorapp/%27/unipoli/tutorapp/img/logo.png
Stack Trace:
#0 /Users/a_kanin/Documents/MyShit/vbWin7/www/unipoli/tutorapp/app/webroot/index.php(110): Dispatcher->dispatch(Object(CakeRequest), Object(CakeResponse))
#1 {main}
2013-11-09 14:11:50 Error: [MissingControllerException] Controller class 'Controller could not be found.
Exception Attributes: array (
  'class' => '\'Controller',
  'plugin' => NULL,
)
Request URL: /unipoli/tutorapp/%27/unipoli/tutorapp/img/logo.png
Stack Trace:
#0 /Users/a_kanin/Documents/MyShit/vbWin7/www/unipoli/tutorapp/app/webroot/index.php(110): Dispatcher->dispatch(Object(CakeRequest), Object(CakeResponse))
#1 {main}
